2026-01-06 18:15:21 | INFO     | app.main:lifespan:40 - Starting SorinFlow Divar Scraper...
2026-01-06 18:15:21 | INFO     | app.main:lifespan:40 - Starting SorinFlow Divar Scraper...
2026-01-06 18:15:21 | INFO     | app.main:lifespan:40 - Starting SorinFlow Divar Scraper...
2026-01-06 18:15:21 | INFO     | app.main:lifespan:40 - Starting SorinFlow Divar Scraper...
2026-01-06 18:15:23 | INFO     | app.main:lifespan:44 - Database initialized
2026-01-06 18:15:23 | INFO     | app.main:lifespan:44 - Database initialized
2026-01-06 18:15:23 | INFO     | app.main:lifespan:44 - Database initialized
2026-01-06 18:15:23 | INFO     | app.main:lifespan:44 - Database initialized
2026-01-06 18:15:38 | DEBUG    | app.main:log_requests:106 - GET /health - 200 - 0.002s
2026-01-06 18:16:09 | DEBUG    | app.main:log_requests:106 - GET /health - 200 - 0.002s
2026-01-06 18:16:29 | DEBUG    | app.main:log_requests:106 - GET /health - 200 - 0.002s
2026-01-06 18:16:29 | DEBUG    | app.main:log_requests:106 - GET /api/stats - 404 - 0.002s
2026-01-06 18:16:40 | DEBUG    | app.main:log_requests:106 - GET /health - 200 - 0.012s
2026-01-06 18:17:06 | DEBUG    | app.main:log_requests:106 - GET /api/docs - 200 - 0.002s
2026-01-06 18:17:11 | DEBUG    | app.main:log_requests:106 - GET /health - 200 - 0.011s
2026-01-06 18:17:23 | DEBUG    | app.main:log_requests:106 - GET /api/scraper/categories - 200 - 0.003s
2026-01-06 18:17:23 | DEBUG    | app.main:log_requests:106 - GET /api/scraper/cities - 200 - 0.004s
2026-01-06 18:17:24 | DEBUG    | app.main:log_requests:106 - GET /api/auth/status - 200 - 0.330s
2026-01-06 18:17:25 | DEBUG    | app.main:log_requests:106 - GET /api/stats/dashboard - 200 - 0.248s
2026-01-06 18:17:25 | DEBUG    | app.main:log_requests:106 - GET /api/stats/health - 200 - 0.149s
2026-01-06 18:17:31 | DEBUG    | app.main:log_requests:106 - GET /api/docs - 200 - 0.001s
2026-01-06 18:17:32 | DEBUG    | app.main:log_requests:106 - GET /api/openapi.json - 200 - 0.074s
2026-01-06 18:17:41 | DEBUG    | app.main:log_requests:106 - GET /health - 200 - 0.001s
2026-01-06 18:17:45 | DEBUG    | app.main:log_requests:106 - GET /api/health - 404 - 0.002s
2026-01-06 18:18:11 | DEBUG    | app.main:log_requests:106 - GET /health - 200 - 0.001s
2026-01-06 18:18:24 | DEBUG    | app.main:log_requests:106 - GET /api/stats/health - 200 - 0.185s
2026-01-06 18:18:25 | DEBUG    | app.main:log_requests:106 - GET /api/stats/dashboard - 200 - 0.256s
2026-01-06 18:18:39 | DEBUG    | app.main:log_requests:106 - GET /api/docs - 200 - 0.003s
2026-01-06 18:18:41 | DEBUG    | app.main:log_requests:106 - GET /api/openapi.json - 200 - 0.003s
2026-01-06 18:18:41 | DEBUG    | app.main:log_requests:106 - GET /health - 200 - 0.001s
2026-01-06 18:18:51 | DEBUG    | app.main:log_requests:106 - GET /api/scraper/jobs - 200 - 0.215s
2026-01-06 18:18:52 | DEBUG    | app.main:log_requests:106 - GET /api/properties - 307 - 0.001s
2026-01-06 18:18:54 | DEBUG    | app.main:log_requests:106 - GET /api/properties/ - 200 - 0.189s
2026-01-06 18:18:55 | DEBUG    | app.main:log_requests:106 - POST /api/scraper/start - 200 - 0.298s
2026-01-06 18:18:55 | DEBUG    | app.main:log_requests:106 - GET /api/scraper/jobs - 200 - 0.155s
2026-01-06 18:18:56 | ERROR    | app.scraper.divar_scraper:initialize:101 - Failed to initialize scraper: Executable doesn't exist at /ms-playwright/chromium-1097/chrome-linux/chrome
╔═══════════════════════════════════════════════════════════════╗
║ Looks like Playwright was just updated to 1.41.0.             ║
║ Please update docker image as well.                           ║
║ -  current: mcr.microsoft.com/playwright/python:v1.40.0-jammy ║
║ - required: mcr.microsoft.com/playwright/python:v1.41.0-jammy ║
║                                                               ║
║ <3 Playwright Team                                            ║
╚═══════════════════════════════════════════════════════════════╝
2026-01-06 18:18:57 | INFO     | app.scraper.divar_scraper:start_scraping_job:676 - Starting scraping job for urmia/buy-residential
2026-01-06 18:18:57 | INFO     | app.scraper.divar_scraper:scrape_listing_page:231 - Scraping listing page: https://divar.ir/s/urmia/buy-residential
2026-01-06 18:18:57 | INFO     | app.scraper.divar_scraper:_check_rate_limit:205 - Rate limit reached. Waiting 58.0 seconds...
2026-01-06 18:19:11 | DEBUG    | app.main:log_requests:106 - GET /api/auth/status - 200 - 0.364s
2026-01-06 18:19:11 | DEBUG    | app.main:log_requests:106 - GET /api/auth/status - 200 - 0.098s
2026-01-06 18:19:12 | DEBUG    | app.main:log_requests:106 - GET /health - 200 - 0.002s
2026-01-06 18:19:18 | DEBUG    | app.main:log_requests:106 - GET /api/auth/cookies - 200 - 0.438s
2026-01-06 18:19:19 | DEBUG    | app.main:log_requests:106 - GET /api/auth/cookies - 200 - 0.184s
2026-01-06 18:19:23 | ERROR    | app.scraper.auth:login_with_phone:261 - Login failed: Executable doesn't exist at /ms-playwright/chromium-1097/chrome-linux/chrome
╔═══════════════════════════════════════════════════════════════╗
║ Looks like Playwright was just updated to 1.41.0.             ║
║ Please update docker image as well.                           ║
║ -  current: mcr.microsoft.com/playwright/python:v1.40.0-jammy ║
║ - required: mcr.microsoft.com/playwright/python:v1.41.0-jammy ║
║                                                               ║
║ <3 Playwright Team                                            ║
╚═══════════════════════════════════════════════════════════════╝
2026-01-06 18:19:23 | DEBUG    | app.main:log_requests:106 - POST /api/auth/login - 200 - 2.766s
2026-01-06 18:19:24 | DEBUG    | app.main:log_requests:106 - GET /api/stats/dashboard - 200 - 0.528s
2026-01-06 18:19:24 | DEBUG    | app.main:log_requests:106 - GET /api/stats/health - 200 - 0.511s
2026-01-06 18:19:28 | ERROR    | app.scraper.auth:login_with_phone:261 - Login failed: Executable doesn't exist at /ms-playwright/chromium-1097/chrome-linux/chrome
╔═══════════════════════════════════════════════════════════════╗
║ Looks like Playwright was just updated to 1.41.0.             ║
║ Please update docker image as well.                           ║
║ -  current: mcr.microsoft.com/playwright/python:v1.40.0-jammy ║
║ - required: mcr.microsoft.com/playwright/python:v1.41.0-jammy ║
║                                                               ║
║ <3 Playwright Team                                            ║
╚═══════════════════════════════════════════════════════════════╝
2026-01-06 18:19:28 | DEBUG    | app.main:log_requests:106 - POST /api/auth/login - 200 - 2.883s
2026-01-06 18:19:43 | DEBUG    | app.main:log_requests:106 - GET /health - 200 - 0.007s
2026-01-06 18:19:55 | ERROR    | app.scraper.divar_scraper:scrape_listing_page:259 - Failed to scrape listing page: 'NoneType' object has no attribute 'goto'
2026-01-06 18:19:55 | INFO     | app.scraper.divar_scraper:start_scraping_job:684 - No more listings found at page 1
2026-01-06 18:19:55 | INFO     | app.scraper.divar_scraper:start_scraping_job:694 - Found 0 total listings
2026-01-06 18:19:55 | INFO     | app.scraper.divar_scraper:start_scraping_job:748 - Scraping job completed. New: 0, Updated: 0, Failed: 0
2026-01-06 18:19:55 | INFO     | app.scraper.divar_scraper:close:115 - Scraper closed successfully
2026-01-06 18:20:14 | DEBUG    | app.main:log_requests:106 - GET /health - 200 - 0.023s
2026-01-06 18:20:23 | DEBUG    | app.main:log_requests:106 - GET /api/stats/health - 200 - 0.405s
2026-01-06 18:20:23 | DEBUG    | app.main:log_requests:106 - GET /api/stats/dashboard - 200 - 0.446s
2026-01-06 18:20:44 | DEBUG    | app.main:log_requests:106 - GET /health - 200 - 0.002s
2026-01-06 18:21:16 | DEBUG    | app.main:log_requests:106 - GET /health - 200 - 0.013s
2026-01-06 18:21:46 | DEBUG    | app.main:log_requests:106 - GET /health - 200 - 0.002s
2026-01-06 18:22:16 | DEBUG    | app.main:log_requests:106 - GET /health - 200 - 0.002s
2026-01-06 18:22:47 | DEBUG    | app.main:log_requests:106 - GET /health - 200 - 0.008s
2026-01-06 18:23:16 | DEBUG    | app.main:log_requests:106 - GET /api/scraper/categories - 200 - 0.012s
2026-01-06 18:23:16 | DEBUG    | app.main:log_requests:106 - GET /api/scraper/cities - 200 - 0.111s
2026-01-06 18:23:17 | DEBUG    | app.main:log_requests:106 - GET /api/auth/status - 200 - 0.619s
2026-01-06 18:23:17 | DEBUG    | app.main:log_requests:106 - GET /api/stats/health - 200 - 0.635s
2026-01-06 18:23:17 | DEBUG    | app.main:log_requests:106 - GET /health - 200 - 0.004s
2026-01-06 18:23:17 | DEBUG    | app.main:log_requests:106 - GET /api/stats/dashboard - 200 - 0.708s
2026-01-06 18:23:17 | DEBUG    | app.main:log_requests:106 - GET /health - 200 - 0.001s
2026-01-06 18:23:17 | DEBUG    | app.main:log_requests:106 - GET /health - 200 - 0.003s
2026-01-06 18:23:20 | DEBUG    | app.main:log_requests:106 - GET /api/scraper/cities - 200 - 0.002s
2026-01-06 18:23:20 | DEBUG    | app.main:log_requests:106 - GET /api/scraper/categories - 200 - 0.002s
2026-01-06 18:23:20 | DEBUG    | app.main:log_requests:106 - GET /api/auth/status - 200 - 0.191s
2026-01-06 18:23:20 | DEBUG    | app.main:log_requests:106 - GET /api/stats/health - 200 - 0.312s
2026-01-06 18:23:20 | DEBUG    | app.main:log_requests:106 - GET /api/stats/dashboard - 200 - 0.434s
2026-01-06 18:23:20 | DEBUG    | app.main:log_requests:106 - GET /api/scraper/cities - 200 - 0.002s
2026-01-06 18:23:20 | DEBUG    | app.main:log_requests:106 - GET /api/scraper/categories - 200 - 0.004s
2026-01-06 18:23:20 | DEBUG    | app.main:log_requests:106 - GET /api/auth/status - 200 - 0.160s
2026-01-06 18:23:21 | DEBUG    | app.main:log_requests:106 - GET /api/stats/health - 200 - 0.279s
2026-01-06 18:23:21 | DEBUG    | app.main:log_requests:106 - GET /api/stats/dashboard - 200 - 0.394s
2026-01-06 18:23:22 | DEBUG    | app.main:log_requests:106 - GET /api/scraper/categories - 200 - 0.001s
2026-01-06 18:23:22 | DEBUG    | app.main:log_requests:106 - GET /api/scraper/cities - 200 - 0.014s
2026-01-06 18:23:22 | DEBUG    | app.main:log_requests:106 - GET /api/auth/status - 200 - 0.144s
2026-01-06 18:23:22 | DEBUG    | app.main:log_requests:106 - GET /api/stats/health - 200 - 0.277s
2026-01-06 18:23:22 | DEBUG    | app.main:log_requests:106 - GET /api/stats/dashboard - 200 - 0.283s
2026-01-06 18:23:27 | DEBUG    | app.main:log_requests:106 - GET /api/scraper/categories - 200 - 0.001s
2026-01-06 18:23:27 | DEBUG    | app.main:log_requests:106 - GET /api/scraper/cities - 200 - 0.014s
2026-01-06 18:23:27 | DEBUG    | app.main:log_requests:106 - GET /api/auth/status - 200 - 0.182s
2026-01-06 18:23:27 | DEBUG    | app.main:log_requests:106 - GET /api/stats/health - 200 - 0.253s
2026-01-06 18:23:27 | DEBUG    | app.main:log_requests:106 - GET /api/stats/dashboard - 200 - 0.302s
2026-01-06 18:23:29 | DEBUG    | app.main:log_requests:106 - GET /api/scraper/categories - 200 - 0.002s
2026-01-06 18:23:29 | DEBUG    | app.main:log_requests:106 - GET /api/scraper/cities - 200 - 0.002s
2026-01-06 18:23:29 | DEBUG    | app.main:log_requests:106 - GET /api/auth/status - 200 - 0.110s
2026-01-06 18:23:29 | DEBUG    | app.main:log_requests:106 - GET /api/stats/health - 200 - 0.225s
2026-01-06 18:23:29 | DEBUG    | app.main:log_requests:106 - GET /api/stats/dashboard - 200 - 0.299s
2026-01-06 18:23:29 | DEBUG    | app.main:log_requests:106 - GET /api/scraper/categories - 200 - 0.003s
2026-01-06 18:23:29 | DEBUG    | app.main:log_requests:106 - GET /api/scraper/cities - 200 - 0.011s
2026-01-06 18:23:29 | DEBUG    | app.main:log_requests:106 - GET /api/auth/status - 200 - 0.116s
2026-01-06 18:23:29 | DEBUG    | app.main:log_requests:106 - GET /api/stats/health - 200 - 0.234s
2026-01-06 18:23:29 | DEBUG    | app.main:log_requests:106 - GET /api/scraper/cities - 200 - 0.002s
2026-01-06 18:23:29 | DEBUG    | app.main:log_requests:106 - GET /api/scraper/categories - 200 - 0.008s
2026-01-06 18:23:30 | DEBUG    | app.main:log_requests:106 - GET /api/stats/health - 200 - 0.196s
2026-01-06 18:23:30 | DEBUG    | app.main:log_requests:106 - GET /api/auth/status - 200 - 0.211s
2026-01-06 18:23:30 | DEBUG    | app.main:log_requests:106 - GET /api/stats/dashboard - 200 - 0.467s
2026-01-06 18:23:30 | DEBUG    | app.main:log_requests:106 - GET /api/stats/dashboard - 200 - 0.309s
2026-01-06 18:23:33 | DEBUG    | app.main:log_requests:106 - GET /api/scraper/cities - 200 - 0.005s
2026-01-06 18:23:33 | DEBUG    | app.main:log_requests:106 - GET /api/scraper/categories - 200 - 0.075s
2026-01-06 18:23:33 | DEBUG    | app.main:log_requests:106 - GET /api/stats/health - 200 - 0.115s
2026-01-06 18:23:33 | DEBUG    | app.main:log_requests:106 - GET /api/auth/status - 200 - 0.117s
2026-01-06 18:23:33 | DEBUG    | app.main:log_requests:106 - GET /api/stats/dashboard - 200 - 0.277s
2026-01-06 18:23:39 | DEBUG    | app.main:log_requests:106 - GET /api/scraper/categories - 200 - 0.001s
2026-01-06 18:23:39 | DEBUG    | app.main:log_requests:106 - GET /api/scraper/cities - 200 - 0.002s
2026-01-06 18:23:39 | DEBUG    | app.main:log_requests:106 - GET /api/auth/status - 200 - 0.101s
2026-01-06 18:23:39 | DEBUG    | app.main:log_requests:106 - GET /api/stats/health - 200 - 0.172s
2026-01-06 18:23:39 | DEBUG    | app.main:log_requests:106 - GET /api/stats/dashboard - 200 - 0.318s
2026-01-06 18:23:47 | DEBUG    | app.main:log_requests:106 - GET /health - 200 - 0.001s
2026-01-06 18:23:48 | DEBUG    | app.main:log_requests:106 - GET /api/scraper/cities - 200 - 0.002s
2026-01-06 18:23:48 | DEBUG    | app.main:log_requests:106 - GET /api/auth/status - 200 - 0.136s
2026-01-06 18:23:49 | DEBUG    | app.main:log_requests:106 - GET /api/scraper/categories - 200 - 0.002s
2026-01-06 18:23:49 | DEBUG    | app.main:log_requests:106 - GET /api/stats/health - 200 - 0.132s
2026-01-06 18:23:49 | DEBUG    | app.main:log_requests:106 - GET /api/stats/dashboard - 200 - 0.218s
2026-01-06 18:24:17 | DEBUG    | app.main:log_requests:106 - GET /health - 200 - 0.001s
2026-01-06 18:24:48 | DEBUG    | app.main:log_requests:106 - GET /health - 200 - 0.001s
2026-01-06 18:25:18 | DEBUG    | app.main:log_requests:106 - GET /health - 200 - 0.001s
2026-01-06 18:25:48 | DEBUG    | app.main:log_requests:106 - GET /health - 200 - 0.002s
2026-01-06 18:25:59 | DEBUG    | app.main:log_requests:106 - GET /api/scraper/cities - 200 - 0.001s
2026-01-06 18:25:59 | DEBUG    | app.main:log_requests:106 - GET /api/scraper/categories - 200 - 0.010s
2026-01-06 18:25:59 | DEBUG    | app.main:log_requests:106 - GET /api/auth/status - 200 - 0.234s
2026-01-06 18:25:59 | DEBUG    | app.main:log_requests:106 - GET /api/stats/health - 200 - 0.274s
2026-01-06 18:26:00 | DEBUG    | app.main:log_requests:106 - GET /api/stats/dashboard - 200 - 0.378s
2026-01-06 18:26:06 | DEBUG    | app.main:log_requests:106 - GET /api/scraper/cities - 200 - 0.005s
2026-01-06 18:26:06 | DEBUG    | app.main:log_requests:106 - GET /api/scraper/categories - 200 - 0.002s
2026-01-06 18:26:06 | DEBUG    | app.main:log_requests:106 - GET /api/auth/status - 200 - 0.210s
2026-01-06 18:26:06 | DEBUG    | app.main:log_requests:106 - GET /api/stats/health - 200 - 0.250s
2026-01-06 18:26:06 | DEBUG    | app.main:log_requests:106 - GET /api/stats/dashboard - 200 - 0.355s
2026-01-06 18:26:08 | DEBUG    | app.main:log_requests:106 - GET /api/scraper/cities - 200 - 0.002s
2026-01-06 18:26:08 | DEBUG    | app.main:log_requests:106 - GET /api/scraper/categories - 200 - 0.001s
2026-01-06 18:26:08 | DEBUG    | app.main:log_requests:106 - GET /api/stats/dashboard - 200 - 0.152s
2026-01-06 18:26:09 | DEBUG    | app.main:log_requests:106 - GET /api/stats/health - 200 - 0.110s
2026-01-06 18:26:09 | DEBUG    | app.main:log_requests:106 - GET /api/auth/status - 200 - 0.129s
2026-01-06 18:26:18 | DEBUG    | app.main:log_requests:106 - GET /health - 200 - 0.001s
2026-01-06 18:26:48 | DEBUG    | app.main:log_requests:106 - GET /health - 200 - 0.001s
2026-01-06 18:27:18 | DEBUG    | app.main:log_requests:106 - GET /health - 200 - 0.001s
2026-01-06 18:27:48 | DEBUG    | app.main:log_requests:106 - GET /health - 200 - 0.007s
2026-01-06 18:28:19 | DEBUG    | app.main:log_requests:106 - GET /health - 200 - 0.002s
2026-01-06 18:28:49 | DEBUG    | app.main:log_requests:106 - GET /health - 200 - 0.004s
2026-01-06 18:29:19 | DEBUG    | app.main:log_requests:106 - GET /health - 200 - 0.002s
2026-01-06 18:29:49 | DEBUG    | app.main:log_requests:106 - GET /health - 200 - 0.002s
2026-01-06 18:30:19 | DEBUG    | app.main:log_requests:106 - GET /health - 200 - 0.001s
2026-01-06 18:30:49 | DEBUG    | app.main:log_requests:106 - GET /health - 200 - 0.015s
2026-01-06 18:31:20 | DEBUG    | app.main:log_requests:106 - GET /health - 200 - 0.002s
2026-01-06 18:31:50 | DEBUG    | app.main:log_requests:106 - GET /health - 200 - 0.002s
2026-01-06 18:32:20 | DEBUG    | app.main:log_requests:106 - GET /health - 200 - 0.003s
2026-01-06 18:32:50 | DEBUG    | app.main:log_requests:106 - GET /health - 200 - 0.001s
2026-01-06 18:33:20 | DEBUG    | app.main:log_requests:106 - GET /health - 200 - 0.001s
2026-01-06 18:33:50 | DEBUG    | app.main:log_requests:106 - GET /health - 200 - 0.001s
2026-01-06 18:34:20 | DEBUG    | app.main:log_requests:106 - GET /health - 200 - 0.001s
2026-01-06 18:34:51 | DEBUG    | app.main:log_requests:106 - GET /health - 200 - 0.004s
2026-01-06 18:35:01 | DEBUG    | app.main:log_requests:106 - GET /api/scraper/cities - 200 - 0.009s
2026-01-06 18:35:01 | DEBUG    | app.main:log_requests:106 - GET /api/scraper/categories - 200 - 0.053s
2026-01-06 18:35:01 | DEBUG    | app.main:log_requests:106 - GET /api/auth/status - 200 - 0.345s
2026-01-06 18:35:01 | DEBUG    | app.main:log_requests:106 - GET /api/stats/health - 200 - 0.477s
2026-01-06 18:35:01 | DEBUG    | app.main:log_requests:106 - GET /api/stats/dashboard - 200 - 0.606s
2026-01-06 18:35:06 | DEBUG    | app.main:log_requests:106 - GET /api/auth/status - 200 - 0.143s
2026-01-06 18:35:06 | DEBUG    | app.main:log_requests:106 - GET /api/auth/cookies - 200 - 0.248s
2026-01-06 18:35:15 | ERROR    | app.scraper.auth:login_with_phone:261 - Login failed: Executable doesn't exist at /ms-playwright/chromium-1097/chrome-linux/chrome
╔═══════════════════════════════════════════════════════════════╗
║ Looks like Playwright was just updated to 1.41.0.             ║
║ Please update docker image as well.                           ║
║ -  current: mcr.microsoft.com/playwright/python:v1.40.0-jammy ║
║ - required: mcr.microsoft.com/playwright/python:v1.41.0-jammy ║
║                                                               ║
║ <3 Playwright Team                                            ║
╚═══════════════════════════════════════════════════════════════╝
2026-01-06 18:35:15 | DEBUG    | app.main:log_requests:106 - POST /api/auth/login - 200 - 1.978s
2026-01-06 18:35:21 | DEBUG    | app.main:log_requests:106 - GET /health - 200 - 0.001s
2026-01-06 18:35:39 | DEBUG    | app.main:log_requests:106 - GET /api/proxies - 307 - 0.005s
2026-01-06 18:35:51 | DEBUG    | app.main:log_requests:106 - GET /health - 200 - 0.002s
2026-01-06 18:36:02 | DEBUG    | app.main:log_requests:106 - GET /api/stats/health - 200 - 1.182s
2026-01-06 18:36:02 | DEBUG    | app.main:log_requests:106 - GET /api/stats/dashboard - 200 - 1.514s
2026-01-06 18:36:05 | DEBUG    | app.main:log_requests:106 - POST /api/proxies/import - 422 - 0.072s
2026-01-06 18:36:08 | DEBUG    | app.main:log_requests:106 - POST /api/proxies/import - 422 - 0.002s
2026-01-06 18:36:22 | DEBUG    | app.main:log_requests:106 - GET /health - 200 - 0.013s
2026-01-06 18:36:39 | DEBUG    | app.main:log_requests:106 - POST /api/proxies/test-all - 200 - 1.106s
2026-01-06 18:36:39 | DEBUG    | app.main:log_requests:106 - GET /api/proxies - 307 - 0.001s
2026-01-06 18:36:44 | DEBUG    | app.main:log_requests:106 - GET /api/auth/cookies - 200 - 0.096s
2026-01-06 18:36:44 | DEBUG    | app.main:log_requests:106 - GET /api/auth/status - 200 - 0.170s
2026-01-06 18:36:45 | DEBUG    | app.main:log_requests:106 - GET /api/scraper/jobs - 200 - 0.136s
2026-01-06 18:36:46 | DEBUG    | app.main:log_requests:106 - GET /api/properties - 307 - 0.001s
2026-01-06 18:36:47 | DEBUG    | app.main:log_requests:106 - GET /api/scraper/jobs - 200 - 0.128s
2026-01-06 18:36:52 | DEBUG    | app.main:log_requests:106 - GET /health - 200 - 0.001s
2026-01-06 18:36:55 | DEBUG    | app.main:log_requests:106 - GET /api/scraper/jobs - 200 - 0.126s
2026-01-06 18:37:01 | DEBUG    | app.main:log_requests:106 - GET /api/properties - 307 - 0.002s
2026-01-06 18:37:01 | DEBUG    | app.main:log_requests:106 - GET /api/stats/health - 200 - 0.224s
2026-01-06 18:37:01 | DEBUG    | app.main:log_requests:106 - GET /api/stats/dashboard - 200 - 0.243s
2026-01-06 18:37:03 | DEBUG    | app.main:log_requests:106 - GET /api/stats/health - 200 - 0.186s
2026-01-06 18:37:03 | DEBUG    | app.main:log_requests:106 - GET /api/stats/dashboard - 200 - 0.225s
2026-01-06 18:37:04 | DEBUG    | app.main:log_requests:106 - GET /api/properties - 307 - 0.001s
2026-01-06 18:37:05 | DEBUG    | app.main:log_requests:106 - GET /api/scraper/jobs - 200 - 0.177s
2026-01-06 18:37:22 | DEBUG    | app.main:log_requests:106 - GET /health - 200 - 0.002s
2026-01-06 18:37:53 | DEBUG    | app.main:log_requests:106 - GET /health - 200 - 0.004s
2026-01-06 18:38:01 | DEBUG    | app.main:log_requests:106 - GET /api/stats/health - 200 - 0.205s
2026-01-06 18:38:02 | DEBUG    | app.main:log_requests:106 - GET /api/stats/dashboard - 200 - 0.283s
2026-01-06 18:38:23 | DEBUG    | app.main:log_requests:106 - GET /health - 200 - 0.014s
2026-01-06 18:38:54 | DEBUG    | app.main:log_requests:106 - GET /health - 200 - 0.002s
2026-01-06 18:39:01 | DEBUG    | app.main:log_requests:106 - GET /api/stats/health - 200 - 0.500s
2026-01-06 18:39:01 | DEBUG    | app.main:log_requests:106 - GET /api/stats/dashboard - 200 - 0.562s
2026-01-06 18:39:24 | DEBUG    | app.main:log_requests:106 - GET /health - 200 - 0.002s
2026-01-06 18:39:54 | DEBUG    | app.main:log_requests:106 - GET /health - 200 - 0.002s
2026-01-06 18:40:01 | DEBUG    | app.main:log_requests:106 - GET /api/stats/health - 200 - 0.349s
2026-01-06 18:40:01 | DEBUG    | app.main:log_requests:106 - GET /api/auth/status - 200 - 0.508s
2026-01-06 18:40:01 | DEBUG    | app.main:log_requests:106 - GET /api/stats/dashboard - 200 - 0.660s
2026-01-06 18:40:24 | DEBUG    | app.main:log_requests:106 - GET /health - 200 - 0.001s
2026-01-06 18:40:54 | DEBUG    | app.main:log_requests:106 - GET /health - 200 - 0.002s
2026-01-06 18:41:01 | DEBUG    | app.main:log_requests:106 - GET /api/stats/health - 200 - 0.306s
2026-01-06 18:41:01 | DEBUG    | app.main:log_requests:106 - GET /api/stats/dashboard - 200 - 0.403s
2026-01-06 18:41:24 | DEBUG    | app.main:log_requests:106 - GET /health - 200 - 0.002s
2026-01-06 18:41:54 | DEBUG    | app.main:log_requests:106 - GET /health - 200 - 0.002s
2026-01-06 18:42:01 | DEBUG    | app.main:log_requests:106 - GET /api/stats/health - 200 - 0.356s
2026-01-06 18:42:01 | DEBUG    | app.main:log_requests:106 - GET /api/stats/dashboard - 200 - 0.448s
2026-01-06 18:42:25 | DEBUG    | app.main:log_requests:106 - GET /health - 200 - 0.002s
2026-01-06 18:42:55 | DEBUG    | app.main:log_requests:106 - GET /health - 200 - 0.001s
2026-01-06 18:43:01 | DEBUG    | app.main:log_requests:106 - GET /api/stats/health - 200 - 0.436s
2026-01-06 18:43:01 | DEBUG    | app.main:log_requests:106 - GET /api/stats/dashboard - 200 - 0.558s
2026-01-06 18:43:25 | DEBUG    | app.main:log_requests:106 - GET /health - 200 - 0.012s
2026-01-06 18:43:57 | DEBUG    | app.main:log_requests:106 - GET /health - 200 - 0.030s
2026-01-06 18:44:01 | DEBUG    | app.main:log_requests:106 - GET /api/stats/health - 200 - 0.628s
2026-01-06 18:44:01 | DEBUG    | app.main:log_requests:106 - GET /api/stats/dashboard - 200 - 0.651s
2026-01-06 18:44:27 | DEBUG    | app.main:log_requests:106 - GET /health - 200 - 0.008s
2026-01-06 18:44:58 | DEBUG    | app.main:log_requests:106 - GET /health - 200 - 0.025s
2026-01-06 18:45:03 | DEBUG    | app.main:log_requests:106 - GET /api/auth/status - 200 - 2.612s
2026-01-06 18:45:03 | DEBUG    | app.main:log_requests:106 - GET /api/stats/dashboard - 200 - 2.622s
2026-01-06 18:45:03 | DEBUG    | app.main:log_requests:106 - GET /api/stats/health - 200 - 2.608s
2026-01-06 18:45:29 | DEBUG    | app.main:log_requests:106 - GET /health - 200 - 0.009s
2026-01-06 18:46:00 | DEBUG    | app.main:log_requests:106 - GET /health - 200 - 0.031s
2026-01-06 18:46:02 | DEBUG    | app.main:log_requests:106 - GET /api/stats/health - 200 - 1.197s
2026-01-06 18:46:02 | DEBUG    | app.main:log_requests:106 - GET /api/stats/dashboard - 200 - 1.198s
2026-01-06 18:46:31 | DEBUG    | app.main:log_requests:106 - GET /health - 200 - 0.008s
2026-01-06 18:47:01 | DEBUG    | app.main:log_requests:106 - GET /api/stats/health - 200 - 0.597s
2026-01-06 18:47:01 | DEBUG    | app.main:log_requests:106 - GET /api/stats/dashboard - 200 - 0.604s
2026-01-06 18:47:02 | DEBUG    | app.main:log_requests:106 - GET /health - 200 - 0.004s
2026-01-06 18:47:32 | DEBUG    | app.main:log_requests:106 - GET /health - 200 - 0.021s
2026-01-06 18:48:01 | DEBUG    | app.main:log_requests:106 - GET /api/stats/health - 200 - 0.665s
2026-01-06 18:48:01 | DEBUG    | app.main:log_requests:106 - GET /api/stats/dashboard - 200 - 0.664s
2026-01-06 18:48:03 | DEBUG    | app.main:log_requests:106 - GET /health - 200 - 0.001s
2026-01-06 18:48:33 | DEBUG    | app.main:log_requests:106 - GET /health - 200 - 0.001s
2026-01-06 18:49:01 | DEBUG    | app.main:log_requests:106 - GET /api/stats/health - 200 - 0.172s
2026-01-06 18:49:01 | DEBUG    | app.main:log_requests:106 - GET /api/stats/dashboard - 200 - 0.184s
2026-01-06 18:49:03 | DEBUG    | app.main:log_requests:106 - GET /health - 200 - 0.001s
2026-01-06 18:49:33 | DEBUG    | app.main:log_requests:106 - GET /health - 200 - 0.001s
2026-01-06 18:50:01 | DEBUG    | app.main:log_requests:106 - GET /api/auth/status - 200 - 0.358s
2026-01-06 18:50:01 | DEBUG    | app.main:log_requests:106 - GET /api/stats/health - 200 - 0.395s
2026-01-06 18:50:01 | DEBUG    | app.main:log_requests:106 - GET /api/stats/dashboard - 200 - 0.509s
2026-01-06 18:50:03 | DEBUG    | app.main:log_requests:106 - GET /health - 200 - 0.001s
2026-01-06 18:50:34 | DEBUG    | app.main:log_requests:106 - GET /health - 200 - 0.002s
2026-01-06 18:51:01 | DEBUG    | app.main:log_requests:106 - GET /api/stats/health - 200 - 0.537s
2026-01-06 18:51:01 | DEBUG    | app.main:log_requests:106 - GET /api/stats/dashboard - 200 - 0.640s
2026-01-06 18:51:04 | DEBUG    | app.main:log_requests:106 - GET /health - 200 - 0.005s
2026-01-06 18:51:34 | DEBUG    | app.main:log_requests:106 - GET /health - 200 - 0.005s
2026-01-06 18:52:01 | DEBUG    | app.main:log_requests:106 - GET /api/stats/health - 200 - 0.525s
2026-01-06 18:52:01 | DEBUG    | app.main:log_requests:106 - GET /api/stats/dashboard - 200 - 0.541s
2026-01-06 18:52:04 | DEBUG    | app.main:log_requests:106 - GET /health - 200 - 0.002s
2026-01-06 18:52:34 | DEBUG    | app.main:log_requests:106 - GET /health - 200 - 0.002s
2026-01-06 18:53:01 | DEBUG    | app.main:log_requests:106 - GET /api/stats/health - 200 - 0.320s
2026-01-06 18:53:01 | DEBUG    | app.main:log_requests:106 - GET /api/stats/dashboard - 200 - 0.482s
2026-01-06 18:53:05 | DEBUG    | app.main:log_requests:106 - GET /health - 200 - 0.001s
2026-01-06 18:53:35 | DEBUG    | app.main:log_requests:106 - GET /health - 200 - 0.005s
2026-01-06 18:54:01 | DEBUG    | app.main:log_requests:106 - GET /api/stats/health - 200 - 0.110s
2026-01-06 18:54:01 | DEBUG    | app.main:log_requests:106 - GET /api/stats/dashboard - 200 - 0.180s
2026-01-06 18:54:05 | DEBUG    | app.main:log_requests:106 - GET /health - 200 - 0.001s
2026-01-06 18:54:35 | DEBUG    | app.main:log_requests:106 - GET / - 200 - 0.002s
2026-01-06 18:54:35 | DEBUG    | app.main:log_requests:106 - GET /health - 200 - 0.001s
2026-01-06 18:55:01 | DEBUG    | app.main:log_requests:106 - GET /api/stats/dashboard - 200 - 0.125s
2026-01-06 18:55:01 | DEBUG    | app.main:log_requests:106 - GET /api/auth/status - 200 - 0.156s
2026-01-06 18:55:01 | DEBUG    | app.main:log_requests:106 - GET /api/stats/health - 200 - 0.192s
2026-01-06 18:55:05 | DEBUG    | app.main:log_requests:106 - GET /health - 200 - 0.001s
2026-01-06 18:55:35 | DEBUG    | app.main:log_requests:106 - GET /health - 200 - 0.001s
2026-01-06 18:56:01 | DEBUG    | app.main:log_requests:106 - GET /api/stats/health - 200 - 0.243s
2026-01-06 18:56:01 | DEBUG    | app.main:log_requests:106 - GET /api/stats/dashboard - 200 - 0.308s
2026-01-06 18:56:05 | DEBUG    | app.main:log_requests:106 - GET /health - 200 - 0.001s
2026-01-06 18:56:36 | DEBUG    | app.main:log_requests:106 - GET /health - 200 - 0.001s
2026-01-06 18:57:01 | DEBUG    | app.main:log_requests:106 - GET /api/stats/health - 200 - 0.156s
2026-01-06 18:57:01 | DEBUG    | app.main:log_requests:106 - GET /api/stats/dashboard - 200 - 0.202s
2026-01-06 18:57:06 | DEBUG    | app.main:log_requests:106 - GET /health - 200 - 0.001s
2026-01-06 18:57:17 | DEBUG    | app.main:log_requests:106 - GET / - 200 - 0.006s
2026-01-06 18:57:17 | DEBUG    | app.main:log_requests:106 - GET /favicon.ico - 404 - 0.001s
2026-01-06 18:57:36 | DEBUG    | app.main:log_requests:106 - GET /health - 200 - 0.001s
2026-01-06 18:58:01 | DEBUG    | app.main:log_requests:106 - GET /api/stats/health - 200 - 0.111s
2026-01-06 18:58:01 | DEBUG    | app.main:log_requests:106 - GET /api/stats/dashboard - 200 - 0.141s
2026-01-06 18:58:06 | DEBUG    | app.main:log_requests:106 - GET /health - 200 - 0.001s
2026-01-06 18:58:06 | INFO     | app.main:lifespan:49 - Shutting down...
2026-01-06 18:58:06 | INFO     | app.main:lifespan:52 - Shutdown complete
2026-01-06 18:58:07 | INFO     | app.main:lifespan:49 - Shutting down...
2026-01-06 18:58:07 | INFO     | app.main:lifespan:52 - Shutdown complete
2026-01-06 18:58:08 | INFO     | app.main:lifespan:49 - Shutting down...
2026-01-06 18:58:08 | INFO     | app.main:lifespan:52 - Shutdown complete
2026-01-06 18:58:11 | INFO     | app.main:lifespan:49 - Shutting down...
2026-01-06 18:58:11 | INFO     | app.main:lifespan:52 - Shutdown complete
2026-01-06 18:58:25 | INFO     | app.main:lifespan:40 - Starting SorinFlow Divar Scraper...
2026-01-06 18:58:25 | INFO     | app.main:lifespan:40 - Starting SorinFlow Divar Scraper...
2026-01-06 18:58:25 | INFO     | app.main:lifespan:40 - Starting SorinFlow Divar Scraper...
2026-01-06 18:58:25 | INFO     | app.main:lifespan:40 - Starting SorinFlow Divar Scraper...
2026-01-06 18:58:25 | INFO     | app.main:lifespan:44 - Database initialized
2026-01-06 18:58:25 | INFO     | app.main:lifespan:44 - Database initialized
2026-01-06 18:58:25 | INFO     | app.main:lifespan:44 - Database initialized
2026-01-06 18:58:25 | INFO     | app.main:lifespan:44 - Database initialized
2026-01-06 18:58:48 | DEBUG    | app.main:log_requests:106 - GET /health - 200 - 0.002s
2026-01-06 18:59:02 | DEBUG    | app.main:log_requests:106 - GET /api/stats/health - 200 - 0.374s
2026-01-06 18:59:02 | DEBUG    | app.main:log_requests:106 - GET /api/stats/dashboard - 200 - 0.427s
2026-01-06 18:59:18 | DEBUG    | app.main:log_requests:106 - GET /health - 200 - 0.002s
2026-01-06 18:59:49 | DEBUG    | app.main:log_requests:106 - GET /health - 200 - 0.002s
2026-01-06 19:00:01 | DEBUG    | app.main:log_requests:106 - GET /api/auth/status - 200 - 0.366s
2026-01-06 19:00:11 | DEBUG    | app.main:log_requests:106 - GET /api/scraper/cities - 200 - 0.013s
2026-01-06 19:00:11 | DEBUG    | app.main:log_requests:106 - GET /api/scraper/categories - 200 - 0.002s
2026-01-06 19:00:11 | DEBUG    | app.main:log_requests:106 - GET /api/auth/status - 200 - 0.209s
2026-01-06 19:00:11 | DEBUG    | app.main:log_requests:106 - GET /api/stats/health - 200 - 0.321s
2026-01-06 19:00:11 | DEBUG    | app.main:log_requests:106 - GET /api/stats/dashboard - 200 - 0.378s
2026-01-06 19:00:19 | DEBUG    | app.main:log_requests:106 - GET /health - 200 - 0.007s
2026-01-06 19:00:27 | DEBUG    | app.main:log_requests:106 - GET /api/stats/health - 200 - 0.247s
2026-01-06 19:00:27 | DEBUG    | app.main:log_requests:106 - GET /api/stats/dashboard - 200 - 0.282s
2026-01-06 19:00:49 | DEBUG    | app.main:log_requests:106 - GET /health - 200 - 0.002s
2026-01-06 19:01:11 | DEBUG    | app.main:log_requests:106 - GET /api/stats/health - 200 - 0.326s
2026-01-06 19:01:11 | DEBUG    | app.main:log_requests:106 - GET /api/stats/dashboard - 200 - 0.418s
2026-01-06 19:01:19 | DEBUG    | app.main:log_requests:106 - GET /health - 200 - 0.004s
2026-01-06 19:01:27 | DEBUG    | app.main:log_requests:106 - GET /api/stats/health - 200 - 0.165s
2026-01-06 19:01:27 | DEBUG    | app.main:log_requests:106 - GET /api/stats/dashboard - 200 - 0.181s
2026-01-06 19:01:49 | DEBUG    | app.main:log_requests:106 - GET /health - 200 - 0.003s
